Sample Training Data:
Gender: 2.0 | Age: [MASK] | Household Size: [MASK] | Income Poverty Ratio: [MASK] | BMI: 21.6 | Diet Question: [MASK] | Diet Question Annotation: [MASK] | Smoking Status: 0.0 | General Health Status: 1.0 | Restaurant Visits: 4.0 | Protein Intake: 57.0 | Healthy Food Intake: [MASK] | Unhealthy Food Intake: [MASK] | Beverage Consumption: 16.0 | Milk Consumption: 7.0 | Physical Activity Status: 0.0
Gender: [MASK] | Age: [MASK] | Household Size: 5.0 | Income Poverty Ratio: 0.96 | BMI: 21.09 | Diet Question: [MASK] | Diet Question Annotation: 0.0 | Smoking Status: 0.0 | General Health Status: 2.0 | Restaurant Visits: 2.0 | Protein Intake: 174.0 | Healthy Food Intake: [MASK] | Unhealthy Food Intake: 143.0 | Beverage Consumption: 18.0 | Milk Consumption: 9.0 | Physical Activity Status: 1.0
Gender: [MASK] | Age: 15.0 | Household Size: 4.0 | Income Poverty Ratio: 2.17 | BMI: 21.84 | Diet Question: [MASK] | Diet Question Annotation: 0.0 | Smoking Status: 1.0 | General Health Status: 2.0 | Restaurant Visits: 4.0 | Protein Intake: [MASK] | Healthy Food Intake: 129.0 | Unhealthy Food Intake: 154.0 | Beverage Consumption: 7.0 | Milk Consumption: [MASK] | Physical Activity Status: 0.0
{'loss': 6.3863, 'grad_norm': 3.6991350650787354, 'learning_rate': 1.9999999999999998e-05, 'epoch': 0.85}
{'loss': 0.4746, 'grad_norm': 1.327817678451538, 'learning_rate': 2.731182795698925e-05, 'epoch': 1.69}
{'loss': 0.3432, 'grad_norm': 1.0593072175979614, 'learning_rate': 2.1935483870967744e-05, 'epoch': 2.54}
{'loss': 0.3302, 'grad_norm': 0.842724621295929, 'learning_rate': 1.6559139784946237e-05, 'epoch': 3.39}
{'loss': 0.3089, 'grad_norm': 0.9690350890159607, 'learning_rate': 1.1182795698924732e-05, 'epoch': 4.24}
{'loss': 0.3048, 'grad_norm': 0.8577855229377747, 'learning_rate': 5.8064516129032256e-06, 'epoch': 5.08}
{'loss': 0.3027, 'grad_norm': 0.7681568264961243, 'learning_rate': 4.3010752688172043e-07, 'epoch': 5.93}
{'train_runtime': 332.4713, 'train_samples_per_second': 136.072, 'train_steps_per_second': 2.13, 'train_loss': 1.196822147248155, 'epoch': 6.0}
Base Row (Unmasked):
{'Gender': 1.0, 'Age': 7.0, 'Household Size': 5.0, 'Income Poverty Ratio': 1.54, 'BMI': 22.9, 'Diet Question': 0.0, 'Diet Question Annotation': 0.0, 'Smoking Status': 0.0, 'General Health Status': 3.0, 'Restaurant Visits': 2.0, 'Protein Intake': 0.0, 'Healthy Food Intake': 6.0, 'Unhealthy Food Intake': 0.0, 'Beverage Consumption': 0.0, 'Milk Consumption': 0.0, 'Physical Activity Status': 1.0}

Generated Perturbations:

Perturbation 1:
Masked Prompt: Gender: 1.0 | Age: [MASK] | Household Size: [MASK] | Income Poverty Ratio: [MASK] | BMI: 22.9 | Diet Question: 0.0 | Diet Question Annotation: 0.0 | Smoking Status: [MASK] | General Health Status: 3.0 | Restaurant Visits: 2.0 | Protein Intake: 0.0 | Healthy Food Intake: [MASK] | Unhealthy Food Intake: 0.0 | Beverage Consumption: 0.0 | Milk Consumption: 0.0 | Physical Activity Status: 1.0
Prediction: Gender: 1.0 | Age: 19 | Household Size: 5 | Income Poverty Ratio: 5 | BMI: 22.9 | Diet Question: 0.0 | Diet Question Annotation: 0.0 | Smoking Status: 0 | General Health Status: 3.0 | Restaurant Visits: 2.0 | Protein Intake: 0.0 | Healthy Food Intake: 0 | Unhealthy Food Intake: 0.0 | Beverage Consumption: 0.0 | Milk Consumption: 0.0 | Physical Activity Status: 1.0

Perturbation 2:
Masked Prompt: Gender: [MASK] | Age: 7.0 | Household Size: 5.0 | Income Poverty Ratio: 1.54 | BMI: 22.9 | Diet Question: 0.0 | Diet Question Annotation: 0.0 | Smoking Status: 0.0 | General Health Status: 3.0 | Restaurant Visits: 2.0 | Protein Intake: 0.0 | Healthy Food Intake: 6.0 | Unhealthy Food Intake: 0.0 | Beverage Consumption: [MASK] | Milk Consumption: 0.0 | Physical Activity Status: 1.0
Prediction: Gender: 2 | Age: 7.0 | Household Size: 5.0 | Income Poverty Ratio: 1.54 | BMI: 22.9 | Diet Question: 0.0 | Diet Question Annotation: 0.0 | Smoking Status: 0.0 | General Health Status: 3.0 | Restaurant Visits: 2.0 | Protein Intake: 0.0 | Healthy Food Intake: 6.0 | Unhealthy Food Intake: 0.0 | Beverage Consumption: 0 | Milk Consumption: 0.0 | Physical Activity Status: 1.0

Perturbation 3:
Masked Prompt: Gender: 1.0 | Age: 7.0 | Household Size: [MASK] | Income Poverty Ratio: 1.54 | BMI: 22.9 | Diet Question: 0.0 | Diet Question Annotation: 0.0 | Smoking Status: 0.0 | General Health Status: 3.0 | Restaurant Visits: 2.0 | Protein Intake: 0.0 | Healthy Food Intake: 6.0 | Unhealthy Food Intake: 0.0 | Beverage Consumption: 0.0 | Milk Consumption: 0.0 | Physical Activity Status: 1.0
Prediction: Gender: 1.0 | Age: 7.0 | Household Size: 3 | Income Poverty Ratio: 1.54 | BMI: 22.9 | Diet Question: 0.0 | Diet Question Annotation: 0.0 | Smoking Status: 0.0 | General Health Status: 3.0 | Restaurant Visits: 2.0 | Protein Intake: 0.0 | Healthy Food Intake: 6.0 | Unhealthy Food Intake: 0.0 | Beverage Consumption: 0.0 | Milk Consumption: 0.0 | Physical Activity Status: 1.0

Perturbation 4:
Masked Prompt: Gender: [MASK] | Age: 7.0 | Household Size: 5.0 | Income Poverty Ratio: 1.54 | BMI: 22.9 | Diet Question: 0.0 | Diet Question Annotation: 0.0 | Smoking Status: [MASK] | General Health Status: [MASK] | Restaurant Visits: [MASK] | Protein Intake: 0.0 | Healthy Food Intake: 6.0 | Unhealthy Food Intake: 0.0 | Beverage Consumption: 0.0 | Milk Consumption: 0.0 | Physical Activity Status: 1.0
Prediction: Gender: 1 | Age: 7.0 | Household Size: 5.0 | Income Poverty Ratio: 1.54 | BMI: 22.9 | Diet Question: 0.0 | Diet Question Annotation: 0.0 | Smoking Status: 0 | General Health Status: 1 | Restaurant Visits: 2 | Protein Intake: 0.0 | Healthy Food Intake: 6.0 | Unhealthy Food Intake: 0.0 | Beverage Consumption: 0.0 | Milk Consumption: 0.0 | Physical Activity Status: 1.0

Perturbation 5:
Masked Prompt: Gender: 1.0 | Age: 7.0 | Household Size: 5.0 | Income Poverty Ratio: [MASK] | BMI: 22.9 | Diet Question: 0.0 | Diet Question Annotation: 0.0 | Smoking Status: [MASK] | General Health Status: 3.0 | Restaurant Visits: [MASK] | Protein Intake: 0.0 | Healthy Food Intake: 6.0 | Unhealthy Food Intake: 0.0 | Beverage Consumption: [MASK] | Milk Consumption: 0.0 | Physical Activity Status: 1.0
Prediction: Gender: 1.0 | Age: 7.0 | Household Size: 5.0 | Income Poverty Ratio: 5 | BMI: 22.9 | Diet Question: 0.0 | Diet Question Annotation: 0.0 | Smoking Status: 0 | General Health Status: 3.0 | Restaurant Visits: 0 | Protein Intake: 0.0 | Healthy Food Intake: 6.0 | Unhealthy Food Intake: 0.0 | Beverage Consumption: 0 | Milk Consumption: 0.0 | Physical Activity Status: 1.0
[1;34mwandb[0m: 🚀 View run [33m./deberta-mlm-finetuned[0m at: [34mhttps://wandb.ai/mehtabkhalid2501-san-francisco-state-university/huggingface/runs/44dz1kit[0m
[1;34mwandb[0m: Find logs at: [1;35mwandb/run-20241212_222032-44dz1kit/logs[0m
