{'text': 'Gender: 2.0, Age: 54.0, Household Size: 4.0, Income Poverty Ratio: 2.02, BMI: 21.6, Diet Question: 0.0, Diet Question Annotation: 0.0, Smoking Status: 0.0, General Health Status: 1.0, Restaurant Visits: 4.0, Protein Intake: 57.0, Healthy Food Intake: 72.0, Unhealthy Food Intake: 90.0, Beverage Consumption: 16.0, Milk Consumption: 7.0', 'label': 0, 'input_ids': [41394, 25, 362, 13, 15, 11, 7129, 25, 7175, 13, 15, 11, 37306, 12849, 25, 604, 13, 15, 11, 19003, 30627, 33956, 25, 362, 13, 2999, 11, 22456, 25, 2310, 13, 21, 11, 16292, 18233, 25, 657, 13, 15, 11, 16292, 18233, 1052, 38983, 25, 657, 13, 15, 11, 39801, 12678, 25, 657, 13, 15, 11, 3611, 3893, 12678, 25, 352, 13, 15, 11, 26078, 6911, 896, 25, 604, 13, 15, 11, 31702, 48885, 25, 7632, 13, 15, 11, 30840, 7318, 48885, 25, 7724, 13, 15, 11, 791, 22796, 7318, 48885, 25, 4101, 13, 15, 11, 22185, 496, 42158, 25, 1467, 13, 15, 11, 24796, 42158, 25, 767, 13, 15, 50256, 50256, 50256, 50256, 50256, 50256, 50256, 50256, 50256, 50256, 50256, 50256, 50256, 50256, 50256, 50256, 50256, 50256, 50256, 50256, 50256, 50256, 50256, 50256, 50256, 50256, 50256, 50256, 50256, 50256, 50256, 50256, 50256, 50256, 50256, 50256, 50256, 50256, 50256, 50256, 50256, 50256, 50256, 50256, 50256, 50256, 50256, 50256, 50256, 50256, 50256, 50256, 50256, 50256, 50256, 50256, 50256, 50256, 50256, 50256, 50256, 50256, 50256, 50256, 50256, 50256, 50256, 50256, 50256, 50256, 50256, 50256, 50256, 50256, 50256, 50256, 50256, 50256, 50256, 50256, 50256, 50256, 50256, 50256, 50256, 50256, 50256, 50256, 50256, 50256, 50256, 50256, 50256, 50256, 50256, 50256, 50256, 50256, 50256, 50256, 50256, 50256, 50256, 50256, 50256, 50256, 50256, 50256, 50256, 50256, 50256, 50256, 50256, 50256, 50256, 50256, 50256, 50256, 50256, 50256, 50256, 50256, 50256, 50256, 50256, 50256, 50256, 50256, 50256, 50256, 50256, 50256, 50256, 50256, 50256, 50256, 50256, 50256, 50256, 50256, 50256, 50256, 50256, 50256, 50256, 50256, 50256, 50256, 50256, 50256, 50256, 50256, 50256, 50256, 50256, 50256, 50256, 50256, 50256, 50256, 50256, 50256, 50256, 50256, 50256, 50256, 50256, 50256, 50256, 50256, 50256, 50256, 50256, 50256, 50256, 50256, 50256, 50256, 50256, 50256, 50256, 50256, 50256, 50256, 50256, 50256, 50256, 50256, 50256, 50256, 50256, 50256, 50256, 50256, 50256, 50256, 50256, 50256, 50256, 50256, 50256, 50256, 50256, 50256, 50256, 50256, 50256, 50256, 50256, 50256, 50256, 50256, 50256, 50256, 50256, 50256, 50256, 50256, 50256, 50256, 50256, 50256, 50256, 50256, 50256, 50256, 50256, 50256, 50256, 50256, 50256, 50256, 50256, 50256, 50256, 50256, 50256, 50256, 50256, 50256, 50256, 50256, 50256, 50256, 50256, 50256, 50256, 50256, 50256, 50256, 50256, 50256, 50256, 50256, 50256, 50256, 50256, 50256, 50256, 50256, 50256, 50256, 50256, 50256, 50256, 50256, 50256, 50256, 50256, 50256, 50256, 50256, 50256, 50256, 50256, 50256, 50256, 50256, 50256, 50256, 50256, 50256, 50256, 50256, 50256, 50256, 50256, 50256, 50256, 50256, 50256, 50256, 50256, 50256, 50256, 50256, 50256, 50256, 50256, 50256, 50256, 50256, 50256, 50256, 50256, 50256, 50256, 50256, 50256, 50256, 50256, 50256, 50256, 50256, 50256, 50256, 50256, 50256, 50256, 50256, 50256, 50256, 50256, 50256, 50256, 50256, 50256, 50256, 50256, 50256, 50256, 50256, 50256, 50256, 50256, 50256, 50256, 50256, 50256, 50256, 50256, 50256, 50256, 50256, 50256, 50256, 50256, 50256, 50256, 50256, 50256, 50256, 50256, 50256, 50256, 50256, 50256, 50256, 50256, 50256, 50256, 50256, 50256, 50256, 50256, 50256, 50256, 50256, 50256, 50256, 50256, 50256, 50256, 50256, 50256, 50256, 50256, 50256, 50256, 50256, 50256, 50256, 50256, 50256, 50256, 50256, 50256, 50256, 50256, 50256, 50256, 50256, 50256, 50256, 50256, 50256, 50256, 50256, 50256, 50256, 50256, 50256], 'attention_mask': [1, 1, 1, 1, 1, 1, 1, 1, 1, 1, 1, 1, 1, 1, 1, 1, 1, 1, 1, 1, 1, 1, 1, 1, 1, 1, 1, 1, 1, 1, 1, 1, 1, 1, 1, 1, 1, 1, 1, 1, 1, 1, 1, 1, 1, 1, 1, 1, 1, 1, 1, 1, 1, 1, 1, 1, 1, 1, 1, 1, 1, 1, 1, 1, 1, 1, 1, 1, 1, 1, 1, 1, 1, 1, 1, 1, 1, 1, 1, 1, 1, 1, 1, 1, 1, 1, 1, 1, 1, 1, 1, 1, 1, 1, 1, 1, 1, 1, 1, 1, 1, 1, 1, 1, 1, 1, 1, 1, 1, 1, 0, 0, 0, 0, 0, 0, 0, 0, 0, 0, 0, 0, 0, 0, 0, 0, 0, 0, 0, 0, 0, 0, 0, 0, 0, 0, 0, 0, 0, 0, 0, 0, 0, 0, 0, 0, 0, 0, 0, 0, 0, 0, 0, 0, 0, 0, 0, 0, 0, 0, 0, 0, 0, 0, 0, 0, 0, 0, 0, 0, 0, 0, 0, 0, 0, 0, 0, 0, 0, 0, 0, 0, 0, 0, 0, 0, 0, 0, 0, 0, 0, 0, 0, 0, 0, 0, 0, 0, 0, 0, 0, 0, 0, 0, 0, 0, 0, 0, 0, 0, 0, 0, 0, 0, 0, 0, 0, 0, 0, 0, 0, 0, 0, 0, 0, 0, 0, 0, 0, 0, 0, 0, 0, 0, 0, 0, 0, 0, 0, 0, 0, 0, 0, 0, 0, 0, 0, 0, 0, 0, 0, 0, 0, 0, 0, 0, 0, 0, 0, 0, 0, 0, 0, 0, 0, 0, 0, 0, 0, 0, 0, 0, 0, 0, 0, 0, 0, 0, 0, 0, 0, 0, 0, 0, 0, 0, 0, 0, 0, 0, 0, 0, 0, 0, 0, 0, 0, 0, 0, 0, 0, 0, 0, 0, 0, 0, 0, 0, 0, 0, 0, 0, 0, 0, 0, 0, 0, 0, 0, 0, 0, 0, 0, 0, 0, 0, 0, 0, 0, 0, 0, 0, 0, 0, 0, 0, 0, 0, 0, 0, 0, 0, 0, 0, 0, 0, 0, 0, 0, 0, 0, 0, 0, 0, 0, 0, 0, 0, 0, 0, 0, 0, 0, 0, 0, 0, 0, 0, 0, 0, 0, 0, 0, 0, 0, 0, 0, 0, 0, 0, 0, 0, 0, 0, 0, 0, 0, 0, 0, 0, 0, 0, 0, 0, 0, 0, 0, 0, 0, 0, 0, 0, 0, 0, 0, 0, 0, 0, 0, 0, 0, 0, 0, 0, 0, 0, 0, 0, 0, 0, 0, 0, 0, 0, 0, 0, 0, 0, 0, 0, 0, 0, 0, 0, 0, 0, 0, 0, 0, 0, 0, 0, 0, 0, 0, 0, 0, 0, 0, 0, 0, 0, 0, 0, 0, 0, 0, 0, 0, 0, 0, 0, 0, 0, 0, 0, 0, 0, 0, 0, 0, 0, 0, 0, 0, 0, 0, 0, 0, 0, 0, 0, 0, 0, 0, 0, 0, 0, 0, 0, 0, 0, 0, 0, 0, 0, 0, 0, 0, 0, 0, 0, 0, 0, 0, 0, 0, 0, 0, 0, 0, 0]}
{'text': 'Gender: 1.0, Age: 43.0, Household Size: 4.0, Income Poverty Ratio: 4.08, BMI: 36.54, Diet Question: 0.0, Diet Question Annotation: 1.0, Smoking Status: 0.0, General Health Status: 3.0, Restaurant Visits: 5.0, Protein Intake: 105.0, Healthy Food Intake: 162.0, Unhealthy Food Intake: 121.0, Beverage Consumption: 3.0, Milk Consumption: 12.0', 'label': 0, 'input_ids': [41394, 25, 352, 13, 15, 11, 7129, 25, 5946, 13, 15, 11, 37306, 12849, 25, 604, 13, 15, 11, 19003, 30627, 33956, 25, 604, 13, 2919, 11, 22456, 25, 4570, 13, 4051, 11, 16292, 18233, 25, 657, 13, 15, 11, 16292, 18233, 1052, 38983, 25, 352, 13, 15, 11, 39801, 12678, 25, 657, 13, 15, 11, 3611, 3893, 12678, 25, 513, 13, 15, 11, 26078, 6911, 896, 25, 642, 13, 15, 11, 31702, 48885, 25, 13343, 13, 15, 11, 30840, 7318, 48885, 25, 25090, 13, 15, 11, 791, 22796, 7318, 48885, 25, 20416, 13, 15, 11, 22185, 496, 42158, 25, 513, 13, 15, 11, 24796, 42158, 25, 1105, 13, 15, 50256, 50256, 50256, 50256, 50256, 50256, 50256, 50256, 50256, 50256, 50256, 50256, 50256, 50256, 50256, 50256, 50256, 50256, 50256, 50256, 50256, 50256, 50256, 50256, 50256, 50256, 50256, 50256, 50256, 50256, 50256, 50256, 50256, 50256, 50256, 50256, 50256, 50256, 50256, 50256, 50256, 50256, 50256, 50256, 50256, 50256, 50256, 50256, 50256, 50256, 50256, 50256, 50256, 50256, 50256, 50256, 50256, 50256, 50256, 50256, 50256, 50256, 50256, 50256, 50256, 50256, 50256, 50256, 50256, 50256, 50256, 50256, 50256, 50256, 50256, 50256, 50256, 50256, 50256, 50256, 50256, 50256, 50256, 50256, 50256, 50256, 50256, 50256, 50256, 50256, 50256, 50256, 50256, 50256, 50256, 50256, 50256, 50256, 50256, 50256, 50256, 50256, 50256, 50256, 50256, 50256, 50256, 50256, 50256, 50256, 50256, 50256, 50256, 50256, 50256, 50256, 50256, 50256, 50256, 50256, 50256, 50256, 50256, 50256, 50256, 50256, 50256, 50256, 50256, 50256, 50256, 50256, 50256, 50256, 50256, 50256, 50256, 50256, 50256, 50256, 50256, 50256, 50256, 50256, 50256, 50256, 50256, 50256, 50256, 50256, 50256, 50256, 50256, 50256, 50256, 50256, 50256, 50256, 50256, 50256, 50256, 50256, 50256, 50256, 50256, 50256, 50256, 50256, 50256, 50256, 50256, 50256, 50256, 50256, 50256, 50256, 50256, 50256, 50256, 50256, 50256, 50256, 50256, 50256, 50256, 50256, 50256, 50256, 50256, 50256, 50256, 50256, 50256, 50256, 50256, 50256, 50256, 50256, 50256, 50256, 50256, 50256, 50256, 50256, 50256, 50256, 50256, 50256, 50256, 50256, 50256, 50256, 50256, 50256, 50256, 50256, 50256, 50256, 50256, 50256, 50256, 50256, 50256, 50256, 50256, 50256, 50256, 50256, 50256, 50256, 50256, 50256, 50256, 50256, 50256, 50256, 50256, 50256, 50256, 50256, 50256, 50256, 50256, 50256, 50256, 50256, 50256, 50256, 50256, 50256, 50256, 50256, 50256, 50256, 50256, 50256, 50256, 50256, 50256, 50256, 50256, 50256, 50256, 50256, 50256, 50256, 50256, 50256, 50256, 50256, 50256, 50256, 50256, 50256, 50256, 50256, 50256, 50256, 50256, 50256, 50256, 50256, 50256, 50256, 50256, 50256, 50256, 50256, 50256, 50256, 50256, 50256, 50256, 50256, 50256, 50256, 50256, 50256, 50256, 50256, 50256, 50256, 50256, 50256, 50256, 50256, 50256, 50256, 50256, 50256, 50256, 50256, 50256, 50256, 50256, 50256, 50256, 50256, 50256, 50256, 50256, 50256, 50256, 50256, 50256, 50256, 50256, 50256, 50256, 50256, 50256, 50256, 50256, 50256, 50256, 50256, 50256, 50256, 50256, 50256, 50256, 50256, 50256, 50256, 50256, 50256, 50256, 50256, 50256, 50256, 50256, 50256, 50256, 50256, 50256, 50256, 50256, 50256, 50256, 50256, 50256, 50256, 50256, 50256, 50256, 50256, 50256, 50256, 50256, 50256, 50256, 50256, 50256, 50256, 50256, 50256, 50256, 50256, 50256, 50256, 50256, 50256, 50256, 50256, 50256, 50256, 50256, 50256, 50256, 50256, 50256, 50256, 50256, 50256, 50256, 50256, 50256, 50256, 50256, 50256, 50256, 50256], 'attention_mask': [1, 1, 1, 1, 1, 1, 1, 1, 1, 1, 1, 1, 1, 1, 1, 1, 1, 1, 1, 1, 1, 1, 1, 1, 1, 1, 1, 1, 1, 1, 1, 1, 1, 1, 1, 1, 1, 1, 1, 1, 1, 1, 1, 1, 1, 1, 1, 1, 1, 1, 1, 1, 1, 1, 1, 1, 1, 1, 1, 1, 1, 1, 1, 1, 1, 1, 1, 1, 1, 1, 1, 1, 1, 1, 1, 1, 1, 1, 1, 1, 1, 1, 1, 1, 1, 1, 1, 1, 1, 1, 1, 1, 1, 1, 1, 1, 1, 1, 1, 1, 1, 1, 1, 1, 1, 1, 1, 1, 1, 1, 0, 0, 0, 0, 0, 0, 0, 0, 0, 0, 0, 0, 0, 0, 0, 0, 0, 0, 0, 0, 0, 0, 0, 0, 0, 0, 0, 0, 0, 0, 0, 0, 0, 0, 0, 0, 0, 0, 0, 0, 0, 0, 0, 0, 0, 0, 0, 0, 0, 0, 0, 0, 0, 0, 0, 0, 0, 0, 0, 0, 0, 0, 0, 0, 0, 0, 0, 0, 0, 0, 0, 0, 0, 0, 0, 0, 0, 0, 0, 0, 0, 0, 0, 0, 0, 0, 0, 0, 0, 0, 0, 0, 0, 0, 0, 0, 0, 0, 0, 0, 0, 0, 0, 0, 0, 0, 0, 0, 0, 0, 0, 0, 0, 0, 0, 0, 0, 0, 0, 0, 0, 0, 0, 0, 0, 0, 0, 0, 0, 0, 0, 0, 0, 0, 0, 0, 0, 0, 0, 0, 0, 0, 0, 0, 0, 0, 0, 0, 0, 0, 0, 0, 0, 0, 0, 0, 0, 0, 0, 0, 0, 0, 0, 0, 0, 0, 0, 0, 0, 0, 0, 0, 0, 0, 0, 0, 0, 0, 0, 0, 0, 0, 0, 0, 0, 0, 0, 0, 0, 0, 0, 0, 0, 0, 0, 0, 0, 0, 0, 0, 0, 0, 0, 0, 0, 0, 0, 0, 0, 0, 0, 0, 0, 0, 0, 0, 0, 0, 0, 0, 0, 0, 0, 0, 0, 0, 0, 0, 0, 0, 0, 0, 0, 0, 0, 0, 0, 0, 0, 0, 0, 0, 0, 0, 0, 0, 0, 0, 0, 0, 0, 0, 0, 0, 0, 0, 0, 0, 0, 0, 0, 0, 0, 0, 0, 0, 0, 0, 0, 0, 0, 0, 0, 0, 0, 0, 0, 0, 0, 0, 0, 0, 0, 0, 0, 0, 0, 0, 0, 0, 0, 0, 0, 0, 0, 0, 0, 0, 0, 0, 0, 0, 0, 0, 0, 0, 0, 0, 0, 0, 0, 0, 0, 0, 0, 0, 0, 0, 0, 0, 0, 0, 0, 0, 0, 0, 0, 0, 0, 0, 0, 0, 0, 0, 0, 0, 0, 0, 0, 0, 0, 0, 0, 0, 0, 0, 0, 0, 0, 0, 0, 0, 0, 0, 0, 0, 0, 0, 0, 0, 0, 0, 0, 0, 0, 0, 0, 0, 0, 0, 0, 0, 0, 0, 0, 0, 0, 0, 0, 0, 0, 0, 0, 0, 0, 0, 0, 0, 0, 0, 0, 0, 0, 0, 0, 0, 0, 0, 0, 0, 0, 0]}
{'loss': 0.7777, 'grad_norm': 8833340.0, 'learning_rate': 4.929078014184397e-05, 'epoch': 0.04}
{'loss': 0.621, 'grad_norm': 908595.3125, 'learning_rate': 4.858156028368794e-05, 'epoch': 0.08}
{'loss': 0.5796, 'grad_norm': 1147243.875, 'learning_rate': 4.787234042553192e-05, 'epoch': 0.13}
{'loss': 0.5343, 'grad_norm': 4048360.5, 'learning_rate': 4.716312056737589e-05, 'epoch': 0.17}
{'loss': 0.5782, 'grad_norm': 2610037.0, 'learning_rate': 4.645390070921986e-05, 'epoch': 0.21}
{'loss': 0.4828, 'grad_norm': 965265.875, 'learning_rate': 4.574468085106383e-05, 'epoch': 0.25}
{'loss': 0.5068, 'grad_norm': 2258470.75, 'learning_rate': 4.50354609929078e-05, 'epoch': 0.3}
{'loss': 0.4562, 'grad_norm': 3796383.0, 'learning_rate': 4.432624113475177e-05, 'epoch': 0.34}
{'loss': 0.4759, 'grad_norm': 4917976.0, 'learning_rate': 4.3617021276595746e-05, 'epoch': 0.38}
{'loss': 0.413, 'grad_norm': 967254.0, 'learning_rate': 4.2907801418439716e-05, 'epoch': 0.42}
{'loss': 0.4764, 'grad_norm': 1560823.25, 'learning_rate': 4.219858156028369e-05, 'epoch': 0.47}
{'loss': 0.4528, 'grad_norm': 3384673.5, 'learning_rate': 4.148936170212766e-05, 'epoch': 0.51}
{'loss': 0.4166, 'grad_norm': 872275.5625, 'learning_rate': 4.078014184397163e-05, 'epoch': 0.55}
{'loss': 0.374, 'grad_norm': 1334600.75, 'learning_rate': 4.007092198581561e-05, 'epoch': 0.59}
{'loss': 0.4518, 'grad_norm': 6338824.5, 'learning_rate': 3.936170212765958e-05, 'epoch': 0.64}
{'loss': 0.4399, 'grad_norm': 1588661.0, 'learning_rate': 3.865248226950355e-05, 'epoch': 0.68}
{'loss': 0.3927, 'grad_norm': 1581090.875, 'learning_rate': 3.794326241134752e-05, 'epoch': 0.72}
{'loss': 0.4523, 'grad_norm': 3845899.75, 'learning_rate': 3.723404255319149e-05, 'epoch': 0.76}
{'loss': 0.4161, 'grad_norm': 850107.625, 'learning_rate': 3.6524822695035466e-05, 'epoch': 0.81}
{'loss': 0.4417, 'grad_norm': 1896699.875, 'learning_rate': 3.5815602836879437e-05, 'epoch': 0.85}
{'loss': 0.3825, 'grad_norm': 2076752.875, 'learning_rate': 3.5106382978723407e-05, 'epoch': 0.89}
{'loss': 0.3536, 'grad_norm': 1731583.0, 'learning_rate': 3.4397163120567377e-05, 'epoch': 0.93}
{'loss': 0.3942, 'grad_norm': 945796.3125, 'learning_rate': 3.3687943262411347e-05, 'epoch': 0.98}
{'eval_loss': 0.3894266188144684, 'eval_accuracy': 0.8351233094669849, 'eval_f1': 0.5171811298776936, 'eval_precision': 0.6666666666666666, 'eval_recall': 0.4224548049476689, 'eval_runtime': 27.6082, 'eval_samples_per_second': 182.12, 'eval_steps_per_second': 5.723, 'epoch': 1.0}
{'loss': 0.4299, 'grad_norm': 1627262.25, 'learning_rate': 3.2978723404255317e-05, 'epoch': 1.02}
{'loss': 0.4481, 'grad_norm': 2623174.25, 'learning_rate': 3.226950354609929e-05, 'epoch': 1.06}
{'loss': 0.426, 'grad_norm': 2531836.5, 'learning_rate': 3.156028368794326e-05, 'epoch': 1.11}
{'loss': 0.3322, 'grad_norm': 741487.8125, 'learning_rate': 3.085106382978723e-05, 'epoch': 1.15}
{'loss': 0.39, 'grad_norm': 1267464.0, 'learning_rate': 3.0141843971631207e-05, 'epoch': 1.19}
{'loss': 0.3858, 'grad_norm': 1517140.875, 'learning_rate': 2.9432624113475177e-05, 'epoch': 1.23}
{'loss': 0.3912, 'grad_norm': 1016751.0, 'learning_rate': 2.8723404255319154e-05, 'epoch': 1.28}
{'loss': 0.402, 'grad_norm': 1912056.5, 'learning_rate': 2.8014184397163124e-05, 'epoch': 1.32}
{'loss': 0.4549, 'grad_norm': 1824770.0, 'learning_rate': 2.7304964539007094e-05, 'epoch': 1.36}
{'loss': 0.3729, 'grad_norm': 795360.375, 'learning_rate': 2.6595744680851064e-05, 'epoch': 1.4}
{'loss': 0.345, 'grad_norm': 545085.5, 'learning_rate': 2.5886524822695034e-05, 'epoch': 1.45}
{'loss': 0.4031, 'grad_norm': 1201095.75, 'learning_rate': 2.5177304964539007e-05, 'epoch': 1.49}
{'loss': 0.3783, 'grad_norm': 1033684.6875, 'learning_rate': 2.446808510638298e-05, 'epoch': 1.53}
{'loss': 0.3939, 'grad_norm': 1410128.25, 'learning_rate': 2.3758865248226954e-05, 'epoch': 1.57}
{'loss': 0.3931, 'grad_norm': 1227660.25, 'learning_rate': 2.3049645390070924e-05, 'epoch': 1.62}
{'loss': 0.3633, 'grad_norm': 2490324.75, 'learning_rate': 2.2340425531914894e-05, 'epoch': 1.66}
{'loss': 0.3736, 'grad_norm': 1081924.25, 'learning_rate': 2.1631205673758867e-05, 'epoch': 1.7}
{'loss': 0.3855, 'grad_norm': 5681535.5, 'learning_rate': 2.0921985815602837e-05, 'epoch': 1.74}
{'loss': 0.3886, 'grad_norm': 776657.75, 'learning_rate': 2.0212765957446807e-05, 'epoch': 1.79}
{'loss': 0.3618, 'grad_norm': 1217473.5, 'learning_rate': 1.950354609929078e-05, 'epoch': 1.83}
{'loss': 0.3809, 'grad_norm': 1336264.0, 'learning_rate': 1.879432624113475e-05, 'epoch': 1.87}
{'loss': 0.3811, 'grad_norm': 2860932.0, 'learning_rate': 1.8085106382978724e-05, 'epoch': 1.91}
{'loss': 0.3355, 'grad_norm': 862838.9375, 'learning_rate': 1.7375886524822697e-05, 'epoch': 1.95}
{'loss': 0.4633, 'grad_norm': 1564069.625, 'learning_rate': 1.6666666666666667e-05, 'epoch': 2.0}
{'eval_loss': 0.40867799520492554, 'eval_accuracy': 0.8138424821002387, 'eval_f1': 0.5832591273374889, 'eval_precision': 0.5481171548117155, 'eval_recall': 0.6232159847764034, 'eval_runtime': 22.4195, 'eval_samples_per_second': 224.269, 'eval_steps_per_second': 7.047, 'epoch': 2.0}
{'loss': 0.4105, 'grad_norm': 707385.875, 'learning_rate': 1.595744680851064e-05, 'epoch': 2.04}
{'loss': 0.3829, 'grad_norm': 569132.3125, 'learning_rate': 1.5248226950354611e-05, 'epoch': 2.08}
{'loss': 0.3355, 'grad_norm': 1114173.125, 'learning_rate': 1.4539007092198581e-05, 'epoch': 2.13}
{'loss': 0.4024, 'grad_norm': 881422.6875, 'learning_rate': 1.3829787234042554e-05, 'epoch': 2.17}
{'loss': 0.4029, 'grad_norm': 1683828.75, 'learning_rate': 1.3120567375886524e-05, 'epoch': 2.21}
{'loss': 0.3915, 'grad_norm': 1043927.0, 'learning_rate': 1.2411347517730498e-05, 'epoch': 2.25}
{'loss': 0.3634, 'grad_norm': 774074.9375, 'learning_rate': 1.170212765957447e-05, 'epoch': 2.3}
{'loss': 0.3707, 'grad_norm': 700517.3125, 'learning_rate': 1.0992907801418441e-05, 'epoch': 2.34}
{'loss': 0.3653, 'grad_norm': 835665.0, 'learning_rate': 1.0283687943262411e-05, 'epoch': 2.38}
{'loss': 0.3777, 'grad_norm': 1288316.0, 'learning_rate': 9.574468085106383e-06, 'epoch': 2.42}
{'loss': 0.3702, 'grad_norm': 560392.0, 'learning_rate': 8.865248226950355e-06, 'epoch': 2.47}
{'loss': 0.3222, 'grad_norm': 481170.65625, 'learning_rate': 8.156028368794328e-06, 'epoch': 2.51}
{'loss': 0.3546, 'grad_norm': 1065760.5, 'learning_rate': 7.446808510638298e-06, 'epoch': 2.55}
{'loss': 0.3187, 'grad_norm': 864457.375, 'learning_rate': 6.73758865248227e-06, 'epoch': 2.59}
{'loss': 0.3802, 'grad_norm': 992545.6875, 'learning_rate': 6.028368794326241e-06, 'epoch': 2.64}
{'loss': 0.3473, 'grad_norm': 796163.8125, 'learning_rate': 5.319148936170213e-06, 'epoch': 2.68}
{'loss': 0.3241, 'grad_norm': 697872.8125, 'learning_rate': 4.609929078014184e-06, 'epoch': 2.72}
{'loss': 0.3698, 'grad_norm': 660915.75, 'learning_rate': 3.9007092198581565e-06, 'epoch': 2.76}
{'loss': 0.3583, 'grad_norm': 562956.0, 'learning_rate': 3.1914893617021277e-06, 'epoch': 2.81}
{'loss': 0.4012, 'grad_norm': 613799.875, 'learning_rate': 2.4822695035460995e-06, 'epoch': 2.85}
{'loss': 0.3815, 'grad_norm': 733988.125, 'learning_rate': 1.7730496453900712e-06, 'epoch': 2.89}
{'loss': 0.398, 'grad_norm': 1584746.0, 'learning_rate': 1.0638297872340427e-06, 'epoch': 2.93}
{'loss': 0.3914, 'grad_norm': 729506.3125, 'learning_rate': 3.546099290780142e-07, 'epoch': 2.98}
{'eval_loss': 0.38134488463401794, 'eval_accuracy': 0.834128878281623, 'eval_f1': 0.5554371002132196, 'eval_precision': 0.6315151515151515, 'eval_recall': 0.49571836346336823, 'eval_runtime': 26.9129, 'eval_samples_per_second': 186.825, 'eval_steps_per_second': 5.871, 'epoch': 3.0}
{'train_runtime': 895.5341, 'train_samples_per_second': 25.259, 'train_steps_per_second': 0.787, 'train_loss': 0.4109214649132803, 'epoch': 3.0}
