Sample Training Data:
Gender: 2.0 | Age: 54.0 | Household Size: 4.0 | Income Poverty Ratio: [MASK] | BMI: 21.6 | Diet Question: 0.0 | Diet Question Annotation: 0.0 | Smoking Status: [MASK] | General Health Status: 1.0 | Restaurant Visits: 4.0 | Protein Intake: 57.0 | Healthy Food Intake: 72.0 | Unhealthy Food Intake: 90.0 | Beverage Consumption: 16.0 | Milk Consumption: [MASK] | Physical Activity Status: 0.0
Gender: [MASK] | Age: 17.0 | Household Size: 5.0 | Income Poverty Ratio: [MASK] | BMI: 21.09 | Diet Question: 0.0 | Diet Question Annotation: 0.0 | Smoking Status: 0.0 | General Health Status: 2.0 | Restaurant Visits: 2.0 | Protein Intake: 174.0 | Healthy Food Intake: 121.0 | Unhealthy Food Intake: 143.0 | Beverage Consumption: 18.0 | Milk Consumption: 9.0 | Physical Activity Status: [MASK]
Gender: 2.0 | Age: [MASK] | Household Size: 4.0 | Income Poverty Ratio: 2.17 | BMI: 21.84 | Diet Question: [MASK] | Diet Question Annotation: 0.0 | Smoking Status: 1.0 | General Health Status: [MASK] | Restaurant Visits: 4.0 | Protein Intake: [MASK] | Healthy Food Intake: [MASK] | Unhealthy Food Intake: [MASK] | Beverage Consumption: 7.0 | Milk Consumption: 16.0 | Physical Activity Status: [MASK]
{'loss': 5.108, 'grad_norm': 2.089564800262451, 'learning_rate': 5e-05, 'epoch': 0.85}
{'loss': 0.3733, 'grad_norm': 1.37562894821167, 'learning_rate': 3.979591836734694e-05, 'epoch': 1.69}
{'loss': 0.3315, 'grad_norm': 0.7806357741355896, 'learning_rate': 2.959183673469388e-05, 'epoch': 2.54}
{'loss': 0.317, 'grad_norm': 0.7501500844955444, 'learning_rate': 1.9387755102040817e-05, 'epoch': 3.39}
{'loss': 0.3048, 'grad_norm': 0.9485343098640442, 'learning_rate': 9.183673469387756e-06, 'epoch': 4.24}
{'train_runtime': 279.5263, 'train_samples_per_second': 134.871, 'train_steps_per_second': 2.111, 'train_loss': 1.1362969737941937, 'epoch': 5.0}
Original Row: {'Gender': 1.0, 'Age': 7.0, 'Household Size': 5.0, 'Income Poverty Ratio': 1.54, 'BMI': 22.9, 'Diet Question': 0.0, 'Diet Question Annotation': 0.0, 'Smoking Status': 0.0, 'General Health Status': 3.0, 'Restaurant Visits': 2.0, 'Protein Intake': 0.0, 'Healthy Food Intake': 6.0, 'Unhealthy Food Intake': 0.0, 'Beverage Consumption': 0.0, 'Milk Consumption': 0.0, 'Physical Activity Status': 1.0}
Prompt with Masks: Gender: 1.0 | Age: [MASK] | Household Size: [MASK] | Income Poverty Ratio: [MASK] | BMI: 22.9 | Diet Question: 0.0 | Diet Question Annotation: 0.0 | Smoking Status: [MASK] | General Health Status: 3.0 | Restaurant Visits: 2.0 | Protein Intake: 0.0 | Healthy Food Intake: [MASK] | Unhealthy Food Intake: 0.0 | Beverage Consumption: 0.0 | Milk Consumption: 0.0 | Physical Activity Status: 1.0
Prediction: Gender: 1.0 | Age: 17 | Household Size: 2 | Income Poverty Ratio: 5 | BMI: 22.9 | Diet Question: 0.0 | Diet Question Annotation: 0.0 | Smoking Status: 0 | General Health Status: 3.0 | Restaurant Visits: 2.0 | Protein Intake: 0.0 | Healthy Food Intake: 0 | Unhealthy Food Intake: 0.0 | Beverage Consumption: 0.0 | Milk Consumption: 0.0 | Physical Activity Status: 1.0
Prompt with Masks: Gender: [MASK] | Age: 7.0 | Household Size: 5.0 | Income Poverty Ratio: 1.54 | BMI: 22.9 | Diet Question: 0.0 | Diet Question Annotation: 0.0 | Smoking Status: 0.0 | General Health Status: 3.0 | Restaurant Visits: 2.0 | Protein Intake: 0.0 | Healthy Food Intake: 6.0 | Unhealthy Food Intake: 0.0 | Beverage Consumption: [MASK] | Milk Consumption: 0.0 | Physical Activity Status: 1.0
Prediction: Gender: 1 | Age: 7.0 | Household Size: 5.0 | Income Poverty Ratio: 1.54 | BMI: 22.9 | Diet Question: 0.0 | Diet Question Annotation: 0.0 | Smoking Status: 0.0 | General Health Status: 3.0 | Restaurant Visits: 2.0 | Protein Intake: 0.0 | Healthy Food Intake: 6.0 | Unhealthy Food Intake: 0.0 | Beverage Consumption: 0 | Milk Consumption: 0.0 | Physical Activity Status: 1.0
Prompt with Masks: Gender: 1.0 | Age: 7.0 | Household Size: [MASK] | Income Poverty Ratio: 1.54 | BMI: 22.9 | Diet Question: 0.0 | Diet Question Annotation: 0.0 | Smoking Status: 0.0 | General Health Status: 3.0 | Restaurant Visits: 2.0 | Protein Intake: 0.0 | Healthy Food Intake: 6.0 | Unhealthy Food Intake: 0.0 | Beverage Consumption: 0.0 | Milk Consumption: 0.0 | Physical Activity Status: 1.0
Prediction: Gender: 1.0 | Age: 7.0 | Household Size: 2 | Income Poverty Ratio: 1.54 | BMI: 22.9 | Diet Question: 0.0 | Diet Question Annotation: 0.0 | Smoking Status: 0.0 | General Health Status: 3.0 | Restaurant Visits: 2.0 | Protein Intake: 0.0 | Healthy Food Intake: 6.0 | Unhealthy Food Intake: 0.0 | Beverage Consumption: 0.0 | Milk Consumption: 0.0 | Physical Activity Status: 1.0
Prompt with Masks: Gender: [MASK] | Age: 7.0 | Household Size: 5.0 | Income Poverty Ratio: 1.54 | BMI: 22.9 | Diet Question: 0.0 | Diet Question Annotation: 0.0 | Smoking Status: [MASK] | General Health Status: [MASK] | Restaurant Visits: [MASK] | Protein Intake: 0.0 | Healthy Food Intake: 6.0 | Unhealthy Food Intake: 0.0 | Beverage Consumption: 0.0 | Milk Consumption: 0.0 | Physical Activity Status: 1.0
Prediction: Gender: 2 | Age: 7.0 | Household Size: 5.0 | Income Poverty Ratio: 1.54 | BMI: 22.9 | Diet Question: 0.0 | Diet Question Annotation: 0.0 | Smoking Status: 0 | General Health Status: 1 | Restaurant Visits: 0 | Protein Intake: 0.0 | Healthy Food Intake: 6.0 | Unhealthy Food Intake: 0.0 | Beverage Consumption: 0.0 | Milk Consumption: 0.0 | Physical Activity Status: 1.0
Prompt with Masks: Gender: 1.0 | Age: 7.0 | Household Size: 5.0 | Income Poverty Ratio: [MASK] | BMI: 22.9 | Diet Question: 0.0 | Diet Question Annotation: 0.0 | Smoking Status: [MASK] | General Health Status: 3.0 | Restaurant Visits: [MASK] | Protein Intake: 0.0 | Healthy Food Intake: 6.0 | Unhealthy Food Intake: 0.0 | Beverage Consumption: [MASK] | Milk Consumption: 0.0 | Physical Activity Status: 1.0
Prediction: Gender: 1.0 | Age: 7.0 | Household Size: 5.0 | Income Poverty Ratio: 5 | BMI: 22.9 | Diet Question: 0.0 | Diet Question Annotation: 0.0 | Smoking Status: 0 | General Health Status: 3.0 | Restaurant Visits: 0 | Protein Intake: 0.0 | Healthy Food Intake: 6.0 | Unhealthy Food Intake: 0.0 | Beverage Consumption: 0 | Milk Consumption: 0.0 | Physical Activity Status: 1.0
[1;34mwandb[0m: 🚀 View run [33m./deberta-mlm-finetuned[0m at: [34mhttps://wandb.ai/mehtabkhalid2501-san-francisco-state-university/huggingface/runs/hjip6rvd[0m
[1;34mwandb[0m: Find logs at: [1;35mwandb/run-20241212_224034-hjip6rvd/logs[0m
